<?xml version="1.0" encoding="UTF-8" ?>
<testsuite failures="0" time="0.391" errors="0" skipped="40" tests="40" name="com.corptx.commons.utils.time.UtilDateTest">
  <properties>
[...]
</properties>
  <testcase time="0" classname="com.corptx.commons.utils.time.UtilDateTest" name="testDiferenciaFechasDiasCalendario_Calendar_Calendar">
    <skipped/>
  </testcase>
  <testcase time="0" classname="com.corptx.commons.utils.time.UtilDateTest" name="testCompareToDateWhioutHours_3args_2">
    <skipped/>
  </testcase>
  <testcase time="0" classname="com.corptx.commons.utils.time.UtilDateTest" name="testCalculaInteresMora_5args_2">
    <skipped/>
  </testcase>
  <testcase time="0" classname="com.corptx.commons.utils.time.UtilDateTest" name="testConverterDiasToMiliseconds">
    <skipped/>
  </testcase>
  <testcase time="0" classname="com.corptx.commons.utils.time.UtilDateTest" name="testProximaVigenciaByTipoPeriodicidad">
    <skipped/>
  </testcase>
  <testcase time="0" classname="com.corptx.commons.utils.time.UtilDateTest" name="testDiferenciaFechasDiasCalendario_Date_Date">
    <skipped/>
  </testcase>
  <testcase time="0" classname="com.corptx.commons.utils.time.UtilDateTest" name="testPorcentajeInteresMoraByTrimestre">
    <skipped/>
  </testcase>
  <testcase time="0" classname="com.corptx.commons.utils.time.UtilDateTest" name="testPorcentajeInteresMoraByDiasPeriodo">
    <skipped/>
  </testcase>
  <testcase time="0" classname="com.corptx.commons.utils.time.UtilDateTest" name="testConverterHoraToMiliseconds">
    <skipped/>
  </testcase>
  <testcase time="0" classname="com.corptx.commons.utils.time.UtilDateTest" name="testSetActualHourMinuteSecondToDate">
    <skipped/>
  </testcase>
  <testcase time="0" classname="com.corptx.commons.utils.time.UtilDateTest" name="testCalculaInteresMora_5args_3">
    <skipped/>
  </testcase>
  <testcase time="0" classname="com.corptx.commons.utils.time.UtilDateTest" name="testCompareToDateWhioutHours_3args_1">
    <skipped/>
  </testcase>
  <testcase time="0" classname="com.corptx.commons.utils.time.UtilDateTest" name="testCalculaInteresMora_5args_1">
    <skipped/>
  </testcase>
  <testcase time="0" classname="com.corptx.commons.utils.time.UtilDateTest" name="testAnteriorVigenciaByTipoPeriodicidad">
    <skipped/>
  </testcase>
  <testcase time="0" classname="com.corptx.commons.utils.time.UtilDateTest" name="testCalcularCantidadDiasPorPeriodoInteresMora">
    <skipped/>
  </testcase>
  <testcase time="0" classname="com.corptx.commons.utils.time.UtilDateTest" name="testGetCalendarWithoutHours_Calendar">
    <skipped/>
  </testcase>
  <testcase time="0" classname="com.corptx.commons.utils.time.UtilDateTest" name="testGetCalendarWithoutHours_Date">
    <skipped/>
  </testcase>
  <testcase time="0" classname="com.corptx.commons.utils.time.UtilDateTest" name="testMain">
    <skipped/>
  </testcase>
  <testcase time="0.016" classname="com.corptx.commons.utils.time.UtilDateTest" name="testGetHoras">
    <skipped/>
  </testcase>
  <testcase time="0.016" classname="com.corptx.commons.utils.time.UtilDateTest" name="testCompareToDate_3args_1">
    <skipped/>
  </testcase>
  <testcase time="0.016" classname="com.corptx.commons.utils.time.UtilDateTest" name="testGetMinutos">
    <skipped/>
  </testcase>
  <testcase time="0.016" classname="com.corptx.commons.utils.time.UtilDateTest" name="testGetDateDiff">
    <skipped/>
  </testcase>
  <testcase time="0.016" classname="com.corptx.commons.utils.time.UtilDateTest" name="testGetMilisegundos">
    <skipped/>
  </testcase>
  <testcase time="0.016" classname="com.corptx.commons.utils.time.UtilDateTest" name="testUltimoDiaVigenciaActual">
    <skipped/>
  </testcase>
  <testcase time="0.016" classname="com.corptx.commons.utils.time.UtilDateTest" name="testGetPromedioInteresMora">
    <skipped/>
  </testcase>
  <testcase time="0.016" classname="com.corptx.commons.utils.time.UtilDateTest" name="testSumarDiasCalendario">
    <skipped/>
  </testcase>
  <testcase time="0.016" classname="com.corptx.commons.utils.time.UtilDateTest" name="testGetVigenciaPeriodoByDate">
    <skipped/>
  </testcase>
  <testcase time="0.016" classname="com.corptx.commons.utils.time.UtilDateTest" name="testCompareToDate_3args_2">
    <skipped/>
  </testcase>
  <testcase time="0.016" classname="com.corptx.commons.utils.time.UtilDateTest" name="testGetSegundos">
    <skipped/>
  </testcase>
  <testcase time="0.016" classname="com.corptx.commons.utils.time.UtilDateTest" name="testCicloPorPeriodicidad">
    <skipped/>
  </testcase>
  <testcase time="0.016" classname="com.corptx.commons.utils.time.UtilDateTest" name="testSumarDiasHabiles_4args_2">
    <skipped/>
  </testcase>
  <testcase time="0.016" classname="com.corptx.commons.utils.time.UtilDateTest" name="testSumarDiasHabiles_4args_1">
    <skipped/>
  </testcase>
  <testcase time="0.016" classname="com.corptx.commons.utils.time.UtilDateTest" name="testUltimoDiaHabilDelMes">
    <skipped/>
  </testcase>
  <testcase time="0.016" classname="com.corptx.commons.utils.time.UtilDateTest" name="testCompareToYears">
    <skipped/>
  </testcase>
  <testcase time="0.016" classname="com.corptx.commons.utils.time.UtilDateTest" name="testDiferenciaFechasEnDias">
    <skipped/>
  </testcase>
  <testcase time="0.016" classname="com.corptx.commons.utils.time.UtilDateTest" name="testGetCurrentYearAsString">
    <skipped/>
  </testcase>
  <testcase time="0.016" classname="com.corptx.commons.utils.time.UtilDateTest" name="testGetDateWithoutHours">
    <skipped/>
  </testcase>
  <testcase time="0.016" classname="com.corptx.commons.utils.time.UtilDateTest" name="testStringToCalendar">
    <skipped/>
  </testcase>
  <testcase time="0.016" classname="com.corptx.commons.utils.time.UtilDateTest" name="testUltimoDiaCalendarioMes">
    <skipped/>
  </testcase>
  <testcase time="0.016" classname="com.corptx.commons.utils.time.UtilDateTest" name="testTrimestreOfYear">
    <skipped/>
  </testcase>
</testsuite>